<?xml version="1.0" encoding="UTF-8"?>
<testng-results skipped="0" failed="0" ignored="0" total="1" passed="1">
  <reporter-output>
  </reporter-output>
  <suite name="Default suite" duration-ms="37364" started-at="2020-01-29T08:57:17Z" finished-at="2020-01-29T08:57:54Z">
    <groups>
    </groups>
    <test name="Default test" duration-ms="37364" started-at="2020-01-29T08:57:17Z" finished-at="2020-01-29T08:57:54Z">
      <class name="MultipleWindowsClass">
        <test-method status="PASS" signature="testMultipleWindows()[pri:0, instance:MultipleWindowsClass@5f375618]" name="testMultipleWindows" duration-ms="37296" started-at="2020-01-29T14:27:17Z" finished-at="2020-01-29T14:27:54Z">
          <reporter-output>
          </reporter-output>
        </test-method> <!-- testMultipleWindows -->
      </class> <!-- MultipleWindowsClass -->
    </test> <!-- Default test -->
  </suite> <!-- Default suite -->
</testng-results>
